{
  "D:/Projects/professional/Senja Solutions/ai-workflows-platform/packages/backend/src/app.ts": {
    "path": "D:/Projects/professional/Senja Solutions/ai-workflows-platform/packages/backend/src/app.ts",
    "statementMap": {
      "0": { "start": { "line": 5, "column": 12 }, "end": { "line": 5, "column": null } },
      "1": { "start": { "line": 8, "column": 0 }, "end": { "line": 8, "column": null } },
      "2": { "start": { "line": 10, "column": 0 }, "end": { "line": 10, "column": null } }
    },
    "fnMap": {},
    "branchMap": {},
    "s": { "0": 1, "1": 1, "2": 1 },
    "f": {},
    "b": {}
  },
  "D:/Projects/professional/Senja Solutions/ai-workflows-platform/packages/backend/src/api/index.ts": {
    "path": "D:/Projects/professional/Senja Solutions/ai-workflows-platform/packages/backend/src/api/index.ts",
    "statementMap": {
      "0": { "start": { "line": 5, "column": 15 }, "end": { "line": 5, "column": null } },
      "1": { "start": { "line": 8, "column": 14 }, "end": { "line": 8, "column": null } },
      "2": { "start": { "line": 9, "column": 4 }, "end": { "line": 9, "column": null } },
      "3": { "start": { "line": 10, "column": 4 }, "end": { "line": 10, "column": null } },
      "4": { "start": { "line": 13, "column": 0 }, "end": { "line": 21, "column": null } },
      "5": { "start": { "line": 14, "column": 14 }, "end": { "line": 14, "column": null } },
      "6": { "start": { "line": 17, "column": 4 }, "end": { "line": 18, "column": null } },
      "7": { "start": { "line": 18, "column": 8 }, "end": { "line": 18, "column": null } },
      "8": { "start": { "line": 20, "column": 4 }, "end": { "line": 20, "column": null } },
      "9": { "start": { "line": 23, "column": 0 }, "end": { "line": 23, "column": null } },
      "10": { "start": { "line": 25, "column": 0 }, "end": { "line": 28, "column": null } },
      "11": { "start": { "line": 26, "column": 4 }, "end": { "line": 26, "column": null } },
      "12": { "start": { "line": 27, "column": 4 }, "end": { "line": 27, "column": null } },
      "13": { "start": { "line": 30, "column": 0 }, "end": { "line": 33, "column": null } },
      "14": { "start": { "line": 31, "column": 4 }, "end": { "line": 31, "column": null } },
      "15": { "start": { "line": 32, "column": 4 }, "end": { "line": 32, "column": null } }
    },
    "fnMap": {
      "0": {
        "name": "error",
        "decl": { "start": { "line": 7, "column": 9 }, "end": { "line": 7, "column": 15 } },
        "loc": { "start": { "line": 7, "column": 44 }, "end": { "line": 11, "column": null } }
      },
      "1": {
        "name": "(anonymous_1)",
        "decl": { "start": { "line": 13, "column": 11 }, "end": { "line": 13, "column": 21 } },
        "loc": { "start": { "line": 13, "column": 37 }, "end": { "line": 21, "column": 1 } }
      },
      "2": {
        "name": "(anonymous_2)",
        "decl": { "start": { "line": 25, "column": 11 }, "end": { "line": 25, "column": 21 } },
        "loc": { "start": { "line": 25, "column": 64 }, "end": { "line": 28, "column": 1 } }
      },
      "3": {
        "name": "(anonymous_3)",
        "decl": { "start": { "line": 30, "column": 11 }, "end": { "line": 30, "column": 21 } },
        "loc": { "start": { "line": 30, "column": 31 }, "end": { "line": 33, "column": 1 } }
      }
    },
    "branchMap": {
      "0": {
        "loc": { "start": { "line": 17, "column": 4 }, "end": { "line": 18, "column": null } },
        "type": "if",
        "locations": [
          { "start": { "line": 17, "column": 4 }, "end": { "line": 18, "column": null } },
          { "start": {}, "end": {} }
        ]
      },
      "1": {
        "loc": { "start": { "line": 26, "column": 15 }, "end": { "line": 26, "column": 31 } },
        "type": "binary-expr",
        "locations": [
          { "start": { "line": 26, "column": 15 }, "end": { "line": 26, "column": 28 } },
          { "start": { "line": 26, "column": 28 }, "end": { "line": 26, "column": 31 } }
        ]
      }
    },
    "s": {
      "0": 1,
      "1": 0,
      "2": 0,
      "3": 0,
      "4": 1,
      "5": 5,
      "6": 5,
      "7": 0,
      "8": 5,
      "9": 1,
      "10": 1,
      "11": 0,
      "12": 0,
      "13": 1,
      "14": 0,
      "15": 0
    },
    "f": { "0": 0, "1": 5, "2": 0, "3": 0 },
    "b": { "0": [0, 5], "1": [0, 0] }
  },
  "D:/Projects/professional/Senja Solutions/ai-workflows-platform/packages/backend/src/api/v1/agents.ts": {
    "path": "D:/Projects/professional/Senja Solutions/ai-workflows-platform/packages/backend/src/api/v1/agents.ts",
    "statementMap": {
      "0": { "start": { "line": 5, "column": 15 }, "end": { "line": 5, "column": null } },
      "1": { "start": { "line": 8, "column": 0 }, "end": { "line": 15, "column": null } },
      "2": { "start": { "line": 9, "column": 2 }, "end": { "line": 14, "column": null } },
      "3": { "start": { "line": 10, "column": 19 }, "end": { "line": 10, "column": null } },
      "4": { "start": { "line": 11, "column": 4 }, "end": { "line": 11, "column": null } },
      "5": { "start": { "line": 13, "column": 4 }, "end": { "line": 13, "column": null } },
      "6": { "start": { "line": 18, "column": 0 }, "end": { "line": 27, "column": null } },
      "7": { "start": { "line": 19, "column": 2 }, "end": { "line": 26, "column": null } },
      "8": { "start": { "line": 20, "column": 19 }, "end": { "line": 20, "column": null } },
      "9": { "start": { "line": 21, "column": 18 }, "end": { "line": 21, "column": null } },
      "10": { "start": { "line": 22, "column": 4 }, "end": { "line": 22, "column": null } },
      "11": { "start": { "line": 22, "column": 16 }, "end": { "line": 22, "column": null } },
      "12": { "start": { "line": 23, "column": 4 }, "end": { "line": 23, "column": null } },
      "13": { "start": { "line": 25, "column": 4 }, "end": { "line": 25, "column": null } },
      "14": { "start": { "line": 30, "column": 0 }, "end": { "line": 49, "column": null } },
      "15": { "start": { "line": 31, "column": 2 }, "end": { "line": 48, "column": null } },
      "16": { "start": { "line": 32, "column": 70 }, "end": { "line": 32, "column": null } },
      "17": { "start": { "line": 33, "column": 4 }, "end": { "line": 33, "column": null } },
      "18": { "start": { "line": 33, "column": 25 }, "end": { "line": 33, "column": null } },
      "19": { "start": { "line": 35, "column": 21 }, "end": { "line": 43, "column": null } },
      "20": { "start": { "line": 45, "column": 4 }, "end": { "line": 45, "column": null } },
      "21": { "start": { "line": 47, "column": 4 }, "end": { "line": 47, "column": null } },
      "22": { "start": { "line": 52, "column": 0 }, "end": { "line": 67, "column": null } },
      "23": { "start": { "line": 53, "column": 2 }, "end": { "line": 66, "column": null } },
      "24": { "start": { "line": 54, "column": 19 }, "end": { "line": 54, "column": null } },
      "25": { "start": { "line": 55, "column": 56 }, "end": { "line": 55, "column": null } },
      "26": { "start": { "line": 57, "column": 20 }, "end": { "line": 60, "column": null } },
      "27": { "start": { "line": 62, "column": 4 }, "end": { "line": 62, "column": null } },
      "28": { "start": { "line": 64, "column": 4 }, "end": { "line": 64, "column": null } },
      "29": { "start": { "line": 64, "column": 30 }, "end": { "line": 64, "column": null } },
      "30": { "start": { "line": 65, "column": 4 }, "end": { "line": 65, "column": null } },
      "31": { "start": { "line": 70, "column": 0 }, "end": { "line": 79, "column": null } },
      "32": { "start": { "line": 71, "column": 2 }, "end": { "line": 78, "column": null } },
      "33": { "start": { "line": 72, "column": 19 }, "end": { "line": 72, "column": null } },
      "34": { "start": { "line": 73, "column": 4 }, "end": { "line": 73, "column": null } },
      "35": { "start": { "line": 74, "column": 4 }, "end": { "line": 74, "column": null } },
      "36": { "start": { "line": 76, "column": 4 }, "end": { "line": 76, "column": null } },
      "37": { "start": { "line": 76, "column": 30 }, "end": { "line": 76, "column": null } },
      "38": { "start": { "line": 77, "column": 4 }, "end": { "line": 77, "column": null } }
    },
    "fnMap": {
      "0": {
        "name": "(anonymous_0)",
        "decl": { "start": { "line": 8, "column": 16 }, "end": { "line": 8, "column": 23 } },
        "loc": { "start": { "line": 8, "column": 42 }, "end": { "line": 15, "column": 1 } }
      },
      "1": {
        "name": "(anonymous_1)",
        "decl": { "start": { "line": 18, "column": 19 }, "end": { "line": 18, "column": 26 } },
        "loc": { "start": { "line": 18, "column": 45 }, "end": { "line": 27, "column": 1 } }
      },
      "2": {
        "name": "(anonymous_2)",
        "decl": { "start": { "line": 30, "column": 17 }, "end": { "line": 30, "column": 24 } },
        "loc": { "start": { "line": 30, "column": 43 }, "end": { "line": 49, "column": 1 } }
      },
      "3": {
        "name": "(anonymous_3)",
        "decl": { "start": { "line": 52, "column": 19 }, "end": { "line": 52, "column": 26 } },
        "loc": { "start": { "line": 52, "column": 45 }, "end": { "line": 67, "column": 1 } }
      },
      "4": {
        "name": "(anonymous_4)",
        "decl": { "start": { "line": 70, "column": 22 }, "end": { "line": 70, "column": 29 } },
        "loc": { "start": { "line": 70, "column": 48 }, "end": { "line": 79, "column": 1 } }
      }
    },
    "branchMap": {
      "0": {
        "loc": { "start": { "line": 22, "column": 4 }, "end": { "line": 22, "column": null } },
        "type": "if",
        "locations": [
          { "start": { "line": 22, "column": 4 }, "end": { "line": 22, "column": null } },
          { "start": {}, "end": {} }
        ]
      },
      "1": {
        "loc": { "start": { "line": 32, "column": 25 }, "end": { "line": 32, "column": 47 } },
        "type": "default-arg",
        "locations": [{ "start": { "line": 32, "column": 41 }, "end": { "line": 32, "column": 47 } }]
      },
      "2": {
        "loc": { "start": { "line": 32, "column": 47 }, "end": { "line": 32, "column": 66 } },
        "type": "default-arg",
        "locations": [{ "start": { "line": 32, "column": 61 }, "end": { "line": 32, "column": 66 } }]
      },
      "3": {
        "loc": { "start": { "line": 33, "column": 4 }, "end": { "line": 33, "column": null } },
        "type": "if",
        "locations": [
          { "start": { "line": 33, "column": 4 }, "end": { "line": 33, "column": null } },
          { "start": {}, "end": {} }
        ]
      },
      "4": {
        "loc": { "start": { "line": 33, "column": 8 }, "end": { "line": 33, "column": 25 } },
        "type": "binary-expr",
        "locations": [
          { "start": { "line": 33, "column": 8 }, "end": { "line": 33, "column": 17 } },
          { "start": { "line": 33, "column": 17 }, "end": { "line": 33, "column": 25 } }
        ]
      },
      "5": {
        "loc": { "start": { "line": 64, "column": 4 }, "end": { "line": 64, "column": null } },
        "type": "if",
        "locations": [
          { "start": { "line": 64, "column": 4 }, "end": { "line": 64, "column": null } },
          { "start": {}, "end": {} }
        ]
      },
      "6": {
        "loc": { "start": { "line": 76, "column": 4 }, "end": { "line": 76, "column": null } },
        "type": "if",
        "locations": [
          { "start": { "line": 76, "column": 4 }, "end": { "line": 76, "column": null } },
          { "start": {}, "end": {} }
        ]
      }
    },
    "s": {
      "0": 1,
      "1": 1,
      "2": 1,
      "3": 1,
      "4": 1,
      "5": 0,
      "6": 1,
      "7": 1,
      "8": 1,
      "9": 1,
      "10": 1,
      "11": 0,
      "12": 1,
      "13": 0,
      "14": 1,
      "15": 1,
      "16": 1,
      "17": 1,
      "18": 0,
      "19": 1,
      "20": 1,
      "21": 0,
      "22": 1,
      "23": 1,
      "24": 1,
      "25": 1,
      "26": 1,
      "27": 1,
      "28": 0,
      "29": 0,
      "30": 0,
      "31": 1,
      "32": 1,
      "33": 1,
      "34": 1,
      "35": 1,
      "36": 0,
      "37": 0,
      "38": 0
    },
    "f": { "0": 1, "1": 1, "2": 1, "3": 1, "4": 1 },
    "b": { "0": [0, 1], "1": [0], "2": [0], "3": [0, 1], "4": [1, 1], "5": [0, 0], "6": [0, 0] }
  },
  "D:/Projects/professional/Senja Solutions/ai-workflows-platform/packages/backend/src/generated/prisma/client.ts": {
    "path": "D:/Projects/professional/Senja Solutions/ai-workflows-platform/packages/backend/src/generated/prisma/client.ts",
    "statementMap": {
      "0": { "start": { "line": 16, "column": 0 }, "end": { "line": 16, "column": null } },
      "1": { "start": { "line": 38, "column": 28 }, "end": { "line": 38, "column": null } }
    },
    "fnMap": {},
    "branchMap": {},
    "s": { "0": 1, "1": 1 },
    "f": {},
    "b": {}
  },
  "D:/Projects/professional/Senja Solutions/ai-workflows-platform/packages/backend/src/generated/prisma/enums.ts": {
    "path": "D:/Projects/professional/Senja Solutions/ai-workflows-platform/packages/backend/src/generated/prisma/enums.ts",
    "statementMap": {
      "0": { "start": { "line": 12, "column": 37 }, "end": { "line": 17, "column": null } },
      "1": { "start": { "line": 22, "column": 26 }, "end": { "line": 26, "column": null } }
    },
    "fnMap": {},
    "branchMap": {},
    "s": { "0": 1, "1": 1 },
    "f": {},
    "b": {}
  },
  "D:/Projects/professional/Senja Solutions/ai-workflows-platform/packages/backend/src/generated/prisma/internal/class.ts": {
    "path": "D:/Projects/professional/Senja Solutions/ai-workflows-platform/packages/backend/src/generated/prisma/internal/class.ts",
    "statementMap": {
      "0": { "start": { "line": 18, "column": 46 }, "end": { "line": 29, "column": null } },
      "1": { "start": { "line": 31, "column": 0 }, "end": { "line": 31, "column": null } },
      "2": { "start": { "line": 34, "column": 21 }, "end": { "line": 34, "column": null } },
      "3": { "start": { "line": 35, "column": 20 }, "end": { "line": 35, "column": null } },
      "4": { "start": { "line": 36, "column": 2 }, "end": { "line": 36, "column": null } },
      "5": { "start": { "line": 39, "column": 0 }, "end": { "line": 46, "column": null } },
      "6": { "start": { "line": 40, "column": 26 }, "end": { "line": 40, "column": null } },
      "7": { "start": { "line": 43, "column": 21 }, "end": { "line": 43, "column": null } },
      "8": { "start": { "line": 44, "column": 4 }, "end": { "line": 44, "column": null } },
      "9": { "start": { "line": 239, "column": 2 }, "end": { "line": 239, "column": null } }
    },
    "fnMap": {
      "0": {
        "name": "decodeBase64AsWasm",
        "decl": { "start": { "line": 33, "column": 15 }, "end": { "line": 33, "column": 34 } },
        "loc": { "start": { "line": 33, "column": 83 }, "end": { "line": 37, "column": null } }
      },
      "1": {
        "name": "(anonymous_1)",
        "decl": { "start": { "line": 40, "column": 14 }, "end": { "line": 40, "column": 26 } },
        "loc": { "start": { "line": 40, "column": 26 }, "end": { "line": 40, "column": null } }
      },
      "2": {
        "name": "(anonymous_2)",
        "decl": { "start": { "line": 42, "column": 30 }, "end": { "line": 42, "column": 42 } },
        "loc": { "start": { "line": 42, "column": 42 }, "end": { "line": 45, "column": null } }
      },
      "3": {
        "name": "getPrismaClientClass",
        "decl": { "start": { "line": 238, "column": 16 }, "end": { "line": 238, "column": 64 } },
        "loc": { "start": { "line": 238, "column": 64 }, "end": { "line": 240, "column": null } }
      }
    },
    "branchMap": {},
    "s": { "0": 1, "1": 1, "2": 1, "3": 1, "4": 1, "5": 1, "6": 1, "7": 1, "8": 1, "9": 1 },
    "f": { "0": 1, "1": 1, "2": 1, "3": 1 },
    "b": {}
  },
  "D:/Projects/professional/Senja Solutions/ai-workflows-platform/packages/backend/src/generated/prisma/internal/prismaNamespace.ts": {
    "path": "D:/Projects/professional/Senja Solutions/ai-workflows-platform/packages/backend/src/generated/prisma/internal/prismaNamespace.ts",
    "statementMap": {
      "0": { "start": { "line": 32, "column": 45 }, "end": { "line": 32, "column": null } },
      "1": { "start": { "line": 35, "column": 47 }, "end": { "line": 35, "column": null } },
      "2": { "start": { "line": 38, "column": 42 }, "end": { "line": 38, "column": null } },
      "3": { "start": { "line": 41, "column": 47 }, "end": { "line": 41, "column": null } },
      "4": { "start": { "line": 44, "column": 43 }, "end": { "line": 44, "column": null } },
      "5": { "start": { "line": 50, "column": 19 }, "end": { "line": 50, "column": null } },
      "6": { "start": { "line": 51, "column": 21 }, "end": { "line": 51, "column": null } },
      "7": { "start": { "line": 52, "column": 20 }, "end": { "line": 52, "column": null } },
      "8": { "start": { "line": 53, "column": 19 }, "end": { "line": 53, "column": null } },
      "9": { "start": { "line": 54, "column": 19 }, "end": { "line": 54, "column": null } },
      "10": { "start": { "line": 62, "column": 23 }, "end": { "line": 62, "column": null } },
      "11": { "start": { "line": 71, "column": 35 }, "end": { "line": 71, "column": null } },
      "12": { "start": { "line": 86, "column": 44 }, "end": { "line": 89, "column": null } },
      "13": { "start": { "line": 104, "column": 25 }, "end": { "line": 108, "column": null } },
      "14": { "start": { "line": 114, "column": 22 }, "end": { "line": 114, "column": null } },
      "15": { "start": { "line": 121, "column": 24 }, "end": { "line": 121, "column": null } },
      "16": { "start": { "line": 128, "column": 23 }, "end": { "line": 128, "column": null } },
      "17": { "start": { "line": 386, "column": 25 }, "end": { "line": 393, "column": null } },
      "18": { "start": { "line": 885, "column": 41 }, "end": { "line": 890, "column": null } },
      "19": { "start": { "line": 895, "column": 36 }, "end": { "line": 901, "column": null } },
      "20": { "start": { "line": 906, "column": 38 }, "end": { "line": 912, "column": null } },
      "21": { "start": { "line": 917, "column": 39 }, "end": { "line": 924, "column": null } },
      "22": { "start": { "line": 929, "column": 39 }, "end": { "line": 933, "column": null } },
      "23": { "start": { "line": 938, "column": 44 }, "end": { "line": 943, "column": null } },
      "24": { "start": { "line": 948, "column": 44 }, "end": { "line": 951, "column": null } },
      "25": { "start": { "line": 956, "column": 25 }, "end": { "line": 959, "column": null } },
      "26": { "start": { "line": 964, "column": 25 }, "end": { "line": 967, "column": null } },
      "27": { "start": { "line": 972, "column": 26 }, "end": { "line": 975, "column": null } },
      "28": { "start": { "line": 1076, "column": 31 }, "end": { "line": 1076, "column": null } }
    },
    "fnMap": {},
    "branchMap": {},
    "s": {
      "0": 1,
      "1": 1,
      "2": 1,
      "3": 1,
      "4": 1,
      "5": 1,
      "6": 1,
      "7": 1,
      "8": 1,
      "9": 1,
      "10": 1,
      "11": 1,
      "12": 1,
      "13": 1,
      "14": 1,
      "15": 1,
      "16": 1,
      "17": 1,
      "18": 1,
      "19": 1,
      "20": 1,
      "21": 1,
      "22": 1,
      "23": 1,
      "24": 1,
      "25": 1,
      "26": 1,
      "27": 1,
      "28": 1
    },
    "f": {},
    "b": {}
  },
  "D:/Projects/professional/Senja Solutions/ai-workflows-platform/packages/backend/src/lib/prisma.ts": {
    "path": "D:/Projects/professional/Senja Solutions/ai-workflows-platform/packages/backend/src/lib/prisma.ts",
    "statementMap": {
      "0": { "start": { "line": 5, "column": 25 }, "end": { "line": 5, "column": null } },
      "1": { "start": { "line": 7, "column": 16 }, "end": { "line": 7, "column": null } },
      "2": { "start": { "line": 8, "column": 15 }, "end": { "line": 8, "column": null } }
    },
    "fnMap": {},
    "branchMap": {},
    "s": { "0": 1, "1": 1, "2": 1 },
    "f": {},
    "b": {}
  },
  "D:/Projects/professional/Senja Solutions/ai-workflows-platform/packages/backend/src/lib/uuid-v7.ts": {
    "path": "D:/Projects/professional/Senja Solutions/ai-workflows-platform/packages/backend/src/lib/uuid-v7.ts",
    "statementMap": {
      "0": { "start": { "line": 9, "column": 18 }, "end": { "line": 9, "column": null } },
      "1": { "start": { "line": 10, "column": 4 }, "end": { "line": 10, "column": null } },
      "2": { "start": { "line": 13, "column": 22 }, "end": { "line": 13, "column": null } },
      "3": { "start": { "line": 16, "column": 4 }, "end": { "line": 16, "column": null } },
      "4": { "start": { "line": 17, "column": 4 }, "end": { "line": 17, "column": null } },
      "5": { "start": { "line": 18, "column": 4 }, "end": { "line": 18, "column": null } },
      "6": { "start": { "line": 19, "column": 4 }, "end": { "line": 19, "column": null } },
      "7": { "start": { "line": 20, "column": 4 }, "end": { "line": 20, "column": null } },
      "8": { "start": { "line": 21, "column": 4 }, "end": { "line": 21, "column": null } },
      "9": { "start": { "line": 24, "column": 4 }, "end": { "line": 24, "column": null } },
      "10": { "start": { "line": 25, "column": 4 }, "end": { "line": 25, "column": null } },
      "11": { "start": { "line": 27, "column": 16 }, "end": { "line": 27, "column": null } },
      "12": { "start": { "line": 27, "column": 43 }, "end": { "line": 27, "column": 74 } },
      "13": { "start": { "line": 28, "column": 17 }, "end": { "line": 28, "column": null } },
      "14": { "start": { "line": 30, "column": 4 }, "end": { "line": 30, "column": null } }
    },
    "fnMap": {
      "0": {
        "name": "uuidv7",
        "decl": { "start": { "line": 4, "column": 24 }, "end": { "line": 4, "column": 39 } },
        "loc": { "start": { "line": 4, "column": 39 }, "end": { "line": 31, "column": null } }
      },
      "1": {
        "name": "(anonymous_1)",
        "decl": { "start": { "line": 27, "column": 38 }, "end": { "line": 27, "column": 43 } },
        "loc": { "start": { "line": 27, "column": 43 }, "end": { "line": 27, "column": 74 } }
      }
    },
    "branchMap": {},
    "s": {
      "0": 1,
      "1": 1,
      "2": 1,
      "3": 1,
      "4": 1,
      "5": 1,
      "6": 1,
      "7": 1,
      "8": 1,
      "9": 1,
      "10": 1,
      "11": 1,
      "12": 16,
      "13": 1,
      "14": 1
    },
    "f": { "0": 1, "1": 16 },
    "b": {}
  }
}
